<?xml version="1.0" encoding="UTF-8"?>
<!-- Generated by org.testng.reporters.JUnitReportReporter -->
<testsuite hostname="DanSannLab" failures="0" tests="2" name="ClassTests.DigitalIDTests" time="0.009" errors="0" timestamp="2023-04-15T18:51:35 EDT" skipped="0">
  <testcase classname="ClassTests.DigitalIDTests" name="getSocialCreditScoreValid" time="0.002"/>
  <system-out/>
  <testcase classname="ClassTests.DigitalIDTests" name="createNewDigitalIDValid" time="0.007"/>
  <system-out/>
</testsuite> <!-- ClassTests.DigitalIDTests -->
