<?xml version="1.0" encoding="UTF-8"?>
<!-- Generated by org.testng.reporters.JUnitReportReporter -->
<testsuite hostname="DanSannLab" failures="0" tests="2" name="ClassTests.IDtests" time="0.002" errors="0" timestamp="2023-04-15T18:51:35 EDT" skipped="0">
  <testcase classname="ClassTests.IDtests" name="creatingNewIDValid" time="0.001"/>
  <system-out/>
  <testcase classname="ClassTests.IDtests" name="getAddressValid" time="0.001"/>
  <system-out/>
</testsuite> <!-- ClassTests.IDtests -->
